(testing /course/cs4400f25/ta4400/all-repos/students/rapid-jaguars/./5/xcesk)
(testing /course/cs4400f25/ta4400/all-repos/students/5/???/Tests/0-in.ss /course/cs4400f25/ta4400/all-repos/students/5/???/Tests/0-out.ss)
(testing /course/cs4400f25/ta4400/all-repos/students/5/???/Tests/1-in.ss /course/cs4400f25/ta4400/all-repos/students/5/???/Tests/1-out.ss)
(testing /course/cs4400f25/ta4400/all-repos/students/5/???/Tests/2-in.ss /course/cs4400f25/ta4400/all-repos/students/5/???/Tests/2-out.ss)
(testing /course/cs4400f25/ta4400/all-repos/students/5/???/Tests/3-in.ss /course/cs4400f25/ta4400/all-repos/students/5/???/Tests/3-out.ss)
(testing /course/cs4400f25/ta4400/all-repos/students/5/???/Tests/4-in.ss /course/cs4400f25/ta4400/all-repos/students/5/???/Tests/4-out.ss)
(testing /course/cs4400f25/ta4400/all-repos/students/5/???/Tests/5-in.ss /course/cs4400f25/ta4400/all-repos/students/5/???/Tests/5-out.ss)
(testing /course/cs4400f25/ta4400/all-repos/students/5/???/Tests/6-in.ss /course/cs4400f25/ta4400/all-repos/students/5/???/Tests/6-out.ss)
Exception in thread "main" util.InputNotExampleException: SExpr not part of Example Structure: SBoolean(true)
	at util.ExampleChecker$.assertExample(ExampleChecker.scala:43)
	at util.ExampleChecker$.assertExample$$anonfun$1(ExampleChecker.scala:41)
	at scala.runtime.function.JProcedure1.apply(JProcedure1.java:15)
	at scala.runtime.function.JProcedure1.apply(JProcedure1.java:10)
	at scala.collection.immutable.List.foreach(List.scala:334)
	at util.ExampleChecker$.assertExample(ExampleChecker.scala:41)
	at util.ExampleChecker$.assertExample$$anonfun$1(ExampleChecker.scala:41)
	at scala.runtime.function.JProcedure1.apply(JProcedure1.java:15)
	at scala.runtime.function.JProcedure1.apply(JProcedure1.java:10)
	at scala.collection.immutable.List.foreach(List.scala:334)
	at util.ExampleChecker$.assertExample(ExampleChecker.scala:41)
	at main.Main$package$.main(Main.scala:14)
	at main.main.main(Main.scala:11)
---------------------------------
(*** score 0)
(*** on)
'(((def x 1.0)
   (def true 0.0)
   (def y 2.0)
   (if0 true (block (x = (x + y))) (y = x))
   x))
(*** expected)
'(3.0)
(*** but received)
'(((plain fast with-newline plain-unicode) ()))


(testing /course/cs4400f25/ta4400/all-repos/students/5/???/Tests/7-in.ss /course/cs4400f25/ta4400/all-repos/students/5/???/Tests/7-out.ss)
(testing /course/cs4400f25/ta4400/all-repos/students/5/???/Tests/8-in.ss /course/cs4400f25/ta4400/all-repos/students/5/???/Tests/8-out.ss)
(testing /course/cs4400f25/ta4400/all-repos/students/5/???/Tests/9-in.ss /course/cs4400f25/ta4400/all-repos/students/5/???/Tests/9-out.ss)
Exception in thread "main" util.InputNotExampleException: SExpr not part of Example Structure: SBoolean(true)
	at util.ExampleChecker$.assertExample(ExampleChecker.scala:43)
	at util.ExampleChecker$.assertExample$$anonfun$1(ExampleChecker.scala:41)
	at scala.runtime.function.JProcedure1.apply(JProcedure1.java:15)
	at scala.runtime.function.JProcedure1.apply(JProcedure1.java:10)
	at scala.collection.immutable.List.foreach(List.scala:334)
	at util.ExampleChecker$.assertExample(ExampleChecker.scala:41)
	at util.ExampleChecker$.assertExample$$anonfun$1(ExampleChecker.scala:41)
	at scala.runtime.function.JProcedure1.apply(JProcedure1.java:15)
	at scala.runtime.function.JProcedure1.apply(JProcedure1.java:10)
	at scala.collection.immutable.List.foreach(List.scala:334)
	at util.ExampleChecker$.assertExample(ExampleChecker.scala:41)
	at main.Main$package$.main(Main.scala:14)
	at main.main.main(Main.scala:11)
---------------------------------
(*** score 0)
(*** on)
'(((def while0 10.0)
   (def mod 10.0)
   (def y 0.0)
   (def true 0.0)
   (def acc 1.0)
   (while0
    (x == mod)
    (block
     (if0 (true) (y = y + acc) (y = y))
     (if0 (y == x) (mod = true) (mod = mod))))
   y))
(*** expected)
'("parser error")
(*** but received)
'(((plain fast with-newline plain-unicode) ()))


(results for test /course/cs4400f25/ta4400/all-repos/students/5/???/Tests/0-in.ss pass)
(results for test /course/cs4400f25/ta4400/all-repos/students/5/???/Tests/1-in.ss pass)
(results for test /course/cs4400f25/ta4400/all-repos/students/5/???/Tests/2-in.ss pass)
(results for test /course/cs4400f25/ta4400/all-repos/students/5/???/Tests/3-in.ss pass)
(results for test /course/cs4400f25/ta4400/all-repos/students/5/???/Tests/4-in.ss pass)
(results for test /course/cs4400f25/ta4400/all-repos/students/5/???/Tests/5-in.ss pass)
(results for test /course/cs4400f25/ta4400/all-repos/students/5/???/Tests/6-in.ss fail)
(results for test /course/cs4400f25/ta4400/all-repos/students/5/???/Tests/7-in.ss pass)
(results for test /course/cs4400f25/ta4400/all-repos/students/5/???/Tests/8-in.ss pass)
(results for test /course/cs4400f25/ta4400/all-repos/students/5/???/Tests/9-in.ss fail)
((/course/cs4400f25/ta4400/all-repos/students/5/???/Tests/0-in.ss /course/cs4400f25/ta4400/all-repos/students/5/???/Tests/0-out.ss) (/course/cs4400f25/ta4400/all-repos/students/5/???/Tests/1-in.ss /course/cs4400f25/ta4400/all-repos/students/5/???/Tests/1-out.ss) (/course/cs4400f25/ta4400/all-repos/students/5/???/Tests/2-in.ss /course/cs4400f25/ta4400/all-repos/students/5/???/Tests/2-out.ss) (/course/cs4400f25/ta4400/all-repos/students/5/???/Tests/3-in.ss /course/cs4400f25/ta4400/all-repos/students/5/???/Tests/3-out.ss) (/course/cs4400f25/ta4400/all-repos/students/5/???/Tests/4-in.ss /course/cs4400f25/ta4400/all-repos/students/5/???/Tests/4-out.ss) (/course/cs4400f25/ta4400/all-repos/students/5/???/Tests/5-in.ss /course/cs4400f25/ta4400/all-repos/students/5/???/Tests/5-out.ss) (/course/cs4400f25/ta4400/all-repos/students/5/???/Tests/7-in.ss /course/cs4400f25/ta4400/all-repos/students/5/???/Tests/7-out.ss) (/course/cs4400f25/ta4400/all-repos/students/5/???/Tests/8-in.ss /course/cs4400f25/ta4400/all-repos/students/5/???/Tests/8-out.ss))
((passed 8) (total 10) (partial-score 8))
